[2026-01-09 00:53:14] SUCCESS: Cupón aplicado - MIGUEL123 (ID: 1) - Registros afectados: 1
[2026-01-09 00:54:37] SUCCESS: Cupón aplicado - MIGUEL123 (ID: 1) - Registros afectados: 1
[2026-01-09 00:57:49] SUCCESS: Cupón aplicado - MIGUEL123 (ID: 1) - Registros afectados: 1
[2026-01-09 14:10:51] SUCCESS: Cupón aplicado - aaaa (ID: 3) - Registros afectados: 1
[2026-01-09 15:50:56] SUCCESS: Cupón aplicado - CPN-09012026-093103-026 (ID: 4) - Hora: 2026-01-09 15:50:56
[2026-01-09 15:52:03] SUCCESS: Cupón aplicado - CPN-09012026-093103-026 (ID: 4) - Hora: 2026-01-09 15:52:03
[2026-01-09 15:54:06] SUCCESS: Cupón aplicado - CPN-09012026-093103-026 (ID: 4) - Hora: 2026-01-09 15:54:06
[2026-01-09 09:58:03] SUCCESS: Cupón aplicado - CPN-09012026-093103-026 (ID: 4) - Hora: 2026-01-09 09:58:03 Sucursal: 5 Pedido: 147294
[2026-02-03 14:23:09] SUCCESS: Cupón aplicado - 603099025 (ID: 8) - Hora: 2026-02-03 14:23:09 Sucursal: 7 Pedido: 116431
[2026-02-09 17:00:50] SUCCESS: Cupón aplicado - 798393583 (ID: 10) - Hora: 2026-02-09 17:00:50 Sucursal: 7 Pedido: 117276
[2026-02-11 18:14:35] SUCCESS: Cupón aplicado - 355167654 (ID: 9) - Hora: 2026-02-11 18:14:35 Sucursal: 4 Pedido: 209870
[2026-02-13 19:56:53] SUCCESS: Cupón aplicado - 612662511 (ID: 30) - Hora: 2026-02-13 19:56:53 Sucursal: 17 Pedido: 11251
[2026-02-14 08:07:38] SUCCESS: Cupón aplicado - 391464258 (ID: 29) - Hora: 2026-02-14 08:07:38 Sucursal: 2 Pedido: 233738
[2026-02-14 17:06:48] SUCCESS: Cupón aplicado - 614651881 (ID: 28) - Hora: 2026-02-14 17:06:48 Sucursal: 12 Pedido: 45077
[2026-02-14 17:13:42] SUCCESS: Cupón aplicado - 626437661 (ID: 24) - Hora: 2026-02-14 17:13:42 Sucursal: 12 Pedido: 45079
[2026-02-14 17:18:14] SUCCESS: Cupón aplicado - 964747590 (ID: 32) - Hora: 2026-02-14 17:18:14 Sucursal: 20 Pedido: 4260
[2026-02-14 18:57:32] SUCCESS: Cupón aplicado - 237185668 (ID: 23) - Hora: 2026-02-14 18:57:32 Sucursal: 12 Pedido: 45090
[2026-02-14 19:27:04] SUCCESS: Cupón aplicado - 333561313 (ID: 31) - Hora: 2026-02-14 19:27:04 Sucursal: 9 Pedido: 61105
[2026-02-14 19:32:20] SUCCESS: Cupón aplicado - 766670839 (ID: 22) - Hora: 2026-02-14 19:32:20 Sucursal: 12 Pedido: 45097
[2026-02-14 20:56:54] SUCCESS: Cupón aplicado - 582255669 (ID: 26) - Hora: 2026-02-14 20:56:54 Sucursal: 12 Pedido: 45105
[2026-02-15 16:20:40] SUCCESS: Cupón aplicado - 976046283 (ID: 15) - Hora: 2026-02-15 16:20:40 Sucursal: 11 Pedido: 64702
